This is pdfTeX, Version 3.1415926-2.4-1.40.13 (TeX Live 2012) (format=pdflatex 2012.6.30)  6 OCT 2014 20:47
entering extended mode
 \write18 enabled.
 file:line:error style messages enabled.
 %&-line parsing enabled.
**09:25.tex
(./09:25.tex
LaTeX2e <2011/06/27>
Babel <v3.8m> and hyphenation patterns for english, dumylang, nohyphenation, ge
rman-x-2012-05-30, ngerman-x-2012-05-30, afrikaans, ancientgreek, ibycus, arabi
c, armenian, basque, bulgarian, catalan, pinyin, coptic, croatian, czech, danis
h, dutch, ukenglish, usenglishmax, esperanto, estonian, ethiopic, farsi, finnis
h, french, friulan, galician, german, ngerman, swissgerman, monogreek, greek, h
ungarian, icelandic, assamese, bengali, gujarati, hindi, kannada, malayalam, ma
rathi, oriya, panjabi, tamil, telugu, indonesian, interlingua, irish, italian, 
kurmanji, latin, latvian, lithuanian, mongolian, mongolianlmc, bokmal, nynorsk,
 polish, portuguese, romanian, romansh, russian, sanskrit, serbian, serbianc, s
lovak, slovenian, spanish, swedish, turkish, turkmen, ukrainian, uppersorbian, 
welsh, loaded.
(/usr/local/texlive/2012/texmf-dist/tex/latex/base/article.cls
Document Class: article 2007/10/19 v1.4h Standard LaTeX document class
(/usr/local/texlive/2012/texmf-dist/tex/latex/base/size11.clo
File: size11.clo 2007/10/19 v1.4h Standard LaTeX file (size option)
)
\c@part=\count79
\c@section=\count80
\c@subsection=\count81
\c@subsubsection=\count82
\c@paragraph=\count83
\c@subparagraph=\count84
\c@figure=\count85
\c@table=\count86
\abovecaptionskip=\skip41
\belowcaptionskip=\skip42
\bibindent=\dimen102
)
(/usr/local/texlive/2012/texmf-dist/tex/latex/url/url.sty
\Urlmuskip=\muskip10
Package: url 2006/04/12  ver 3.3  Verb mode for urls, etc.
)
(/usr/local/texlive/2012/texmf-dist/tex/latex/amsmath/amsmath.sty
Package: amsmath 2000/07/18 v2.13 AMS math features
\@mathmargin=\skip43

For additional information on amsmath, use the `?' option.
(/usr/local/texlive/2012/texmf-dist/tex/latex/amsmath/amstext.sty
Package: amstext 2000/06/29 v2.01

(/usr/local/texlive/2012/texmf-dist/tex/latex/amsmath/amsgen.sty
File: amsgen.sty 1999/11/30 v2.0
\@emptytoks=\toks14
\ex@=\dimen103
))
(/usr/local/texlive/2012/texmf-dist/tex/latex/amsmath/amsbsy.sty
Package: amsbsy 1999/11/29 v1.2d
\pmbraise@=\dimen104
)
(/usr/local/texlive/2012/texmf-dist/tex/latex/amsmath/amsopn.sty
Package: amsopn 1999/12/14 v2.01 operator names
)
\inf@bad=\count87
LaTeX Info: Redefining \frac on input line 211.
\uproot@=\count88
\leftroot@=\count89
LaTeX Info: Redefining \overline on input line 307.
\classnum@=\count90
\DOTSCASE@=\count91
LaTeX Info: Redefining \ldots on input line 379.
LaTeX Info: Redefining \dots on input line 382.
LaTeX Info: Redefining \cdots on input line 467.
\Mathstrutbox@=\box26
\strutbox@=\box27
\big@size=\dimen105
LaTeX Font Info:    Redeclaring font encoding OML on input line 567.
LaTeX Font Info:    Redeclaring font encoding OMS on input line 568.
\macc@depth=\count92
\c@MaxMatrixCols=\count93
\dotsspace@=\muskip11
\c@parentequation=\count94
\dspbrk@lvl=\count95
\tag@help=\toks15
\row@=\count96
\column@=\count97
\maxfields@=\count98
\andhelp@=\toks16
\eqnshift@=\dimen106
\alignsep@=\dimen107
\tagshift@=\dimen108
\tagwidth@=\dimen109
\totwidth@=\dimen110
\lineht@=\dimen111
\@envbody=\toks17
\multlinegap=\skip44
\multlinetaggap=\skip45
\mathdisplay@stack=\toks18
LaTeX Info: Redefining \[ on input line 2666.
LaTeX Info: Redefining \] on input line 2667.
)
(/usr/local/texlive/2012/texmf-dist/tex/latex/amscls/amsthm.sty
Package: amsthm 2009/07/02 v2.20.1
\thm@style=\toks19
\thm@bodyfont=\toks20
\thm@headfont=\toks21
\thm@notefont=\toks22
\thm@headpunct=\toks23
\thm@preskip=\skip46
\thm@postskip=\skip47
\thm@headsep=\skip48
\dth@everypar=\toks24
)
(/usr/local/texlive/2012/texmf-dist/tex/latex/amsfonts/amssymb.sty
Package: amssymb 2009/06/22 v3.00

(/usr/local/texlive/2012/texmf-dist/tex/latex/amsfonts/amsfonts.sty
Package: amsfonts 2009/06/22 v3.00 Basic AMSFonts support
\symAMSa=\mathgroup4
\symAMSb=\mathgroup5
LaTeX Font Info:    Overwriting math alphabet `\mathfrak' in version `bold'
(Font)                  U/euf/m/n --> U/euf/b/n on input line 96.
))
(./mathpartir.sty
Package: mathpartir 2005/12/20 version 1.2.0 Math Paragraph for Typesetting Inf
erence Rules

(/usr/local/texlive/2012/texmf-dist/tex/latex/graphics/keyval.sty
Package: keyval 1999/03/16 v1.13 key=value parser (DPC)
\KV@toks@=\toks25
)
\mpr@andskip=\skip49
\mpr@lista=\toks26
\mpr@listb=\toks27
\mpr@hlist=\box28
\mpr@vlist=\box29
\mpr@right=\box30
)
(./macro.tex
\c@theorem=\count99
) (./09:25.aux)
\openout1 = `09:25.aux'.

LaTeX Font Info:    Checking defaults for OML/cmm/m/it on input line 15.
LaTeX Font Info:    ... okay on input line 15.
LaTeX Font Info:    Checking defaults for T1/cmr/m/n on input line 15.
LaTeX Font Info:    ... okay on input line 15.
LaTeX Font Info:    Checking defaults for OT1/cmr/m/n on input line 15.
LaTeX Font Info:    ... okay on input line 15.
LaTeX Font Info:    Checking defaults for OMS/cmsy/m/n on input line 15.
LaTeX Font Info:    ... okay on input line 15.
LaTeX Font Info:    Checking defaults for OMX/cmex/m/n on input line 15.
LaTeX Font Info:    ... okay on input line 15.
LaTeX Font Info:    Checking defaults for U/cmr/m/n on input line 15.
LaTeX Font Info:    ... okay on input line 15.
LaTeX Font Info:    Try loading font information for U+msa on input line 17.

(/usr/local/texlive/2012/texmf-dist/tex/latex/amsfonts/umsa.fd
File: umsa.fd 2009/06/22 v3.00 AMS symbols A
)
LaTeX Font Info:    Try loading font information for U+msb on input line 17.

(/usr/local/texlive/2012/texmf-dist/tex/latex/amsfonts/umsb.fd
File: umsb.fd 2009/06/22 v3.00 AMS symbols B
)

LaTeX Warning: No \author given.


Underfull \hbox (badness 10000) in paragraph at lines 19--21

 []


Overfull \hbox (64.42882pt too wide) detected at line 51
\OMS/cmsy/m/n/10.95 ^^T \OT1/cmr/m/n/10.95 (\OML/cmm/m/it/10.95 e[]Pr\OT1/cmr/m
/n/10.95 [\OML/cmm/m/it/10.95 sim[]\OT1/cmr/m/n/10.95 ([](\OML/cmm/m/it/10.95 X
[]\OT1/cmr/m/n/10.95 )) \OMS/cmsy/m/n/10.95 2 \OML/cmm/m/it/10.95 S[] \OMS/cmsy
/m/n/10.95 j \OML/cmm/m/it/10.95 X[] \OT1/cmr/m/n/10.95 = \OML/cmm/m/it/10.95 z
\OT1/cmr/m/n/10.95 ] + \OML/cmm/m/it/10.95 ^^N[]\OT1/cmr/m/n/10.95 ) \OMS/cmsy/
m/n/10.95 ^^A \OT1/cmr/m/n/10.95 (\OML/cmm/m/it/10.95 e[]Pr\OT1/cmr/m/n/10.95 [
\OML/cmm/m/it/10.95 sim[]\OT1/cmr/m/n/10.95 ([](\OML/cmm/m/it/10.95 X[]\OT1/cmr
/m/n/10.95 )) \OMS/cmsy/m/n/10.95 2 \OML/cmm/m/it/10.95 S[] \OMS/cmsy/m/n/10.95
 j \OML/cmm/m/it/10.95 X[] \OT1/cmr/m/n/10.95 = \OML/cmm/m/it/10.95 z\OT1/cmr/m
/n/10.95 ] + \OML/cmm/m/it/10.95 ^^N[]\OT1/cmr/m/n/10.95 )
 []


Overfull \hbox (65.44142pt too wide) detected at line 54
\OMS/cmsy/m/n/10.95 ^^T \OML/cmm/m/it/10.95 e[]\OT1/cmr/m/n/10.95 (\OML/cmm/m/i
t/10.95 Pr\OT1/cmr/m/n/10.95 [\OML/cmm/m/it/10.95 sim[]\OT1/cmr/m/n/10.95 ([](\
OML/cmm/m/it/10.95 X[]\OT1/cmr/m/n/10.95 )) \OMS/cmsy/m/n/10.95 2 \OML/cmm/m/it
/10.95 S[] \OMS/cmsy/m/n/10.95 j \OML/cmm/m/it/10.95 X[] \OT1/cmr/m/n/10.95 = \
OML/cmm/m/it/10.95 z\OT1/cmr/m/n/10.95 ] \OMS/cmsy/m/n/10.95 ^^A \OML/cmm/m/it/
10.95 Pr\OT1/cmr/m/n/10.95 [\OML/cmm/m/it/10.95 sim[]\OT1/cmr/m/n/10.95 ([](\OM
L/cmm/m/it/10.95 X[]\OT1/cmr/m/n/10.95 )) \OMS/cmsy/m/n/10.95 2 \OML/cmm/m/it/1
0.95 S[] \OMS/cmsy/m/n/10.95 j \OML/cmm/m/it/10.95 X[] \OT1/cmr/m/n/10.95 = \OM
L/cmm/m/it/10.95 z\OT1/cmr/m/n/10.95 ]) + (\OML/cmm/m/it/10.95 ^^N[] \OT1/cmr/m
/n/10.95 + \OML/cmm/m/it/10.95 ^^N[]\OT1/cmr/m/n/10.95 )
 []


Overfull \hbox (92.29437pt too wide) detected at line 57
\OT1/cmr/m/n/10.95 = \OML/cmm/m/it/10.95 e[]\OT1/cmr/m/n/10.95 (\OML/cmm/m/it/1
0.95 Pr\OT1/cmr/m/n/10.95 [\OML/cmm/m/it/10.95 sim[]\OT1/cmr/m/n/10.95 ([](\OML
/cmm/m/it/10.95 x[]\OT1/cmr/m/n/10.95 )\OML/cmm/m/it/10.95 ; []\OT1/cmr/m/n/10.
95 (\OML/cmm/m/it/10.95 z\OT1/cmr/m/n/10.95 )) \OMS/cmsy/m/n/10.95 2 \OML/cmm/m
/it/10.95 S[] \OMS/cmsy/m/n/10.95 j \OML/cmm/m/it/10.95 X[] \OT1/cmr/m/n/10.95 
= \OML/cmm/m/it/10.95 z\OT1/cmr/m/n/10.95 ] \OMS/cmsy/m/n/10.95 ^^A \OML/cmm/m/
it/10.95 Pr\OT1/cmr/m/n/10.95 [\OML/cmm/m/it/10.95 sim[]\OT1/cmr/m/n/10.95 ([](
\OML/cmm/m/it/10.95 z\OT1/cmr/m/n/10.95 )\OML/cmm/m/it/10.95 ; []\OT1/cmr/m/n/1
0.95 (\OML/cmm/m/it/10.95 x[]\OT1/cmr/m/n/10.95 )) \OMS/cmsy/m/n/10.95 2 \OML/c
mm/m/it/10.95 S[] \OMS/cmsy/m/n/10.95 j \OML/cmm/m/it/10.95 X[] \OT1/cmr/m/n/10
.95 = \OML/cmm/m/it/10.95 z\OT1/cmr/m/n/10.95 ])
 []

[1

{/usr/local/texlive/2012/texmf-var/fonts/map/pdftex/updmap/pdftex.map}]
Overfull \hbox (69.82863pt too wide) detected at line 64
\OT1/cmr/m/n/10.95 = \OML/cmm/m/it/10.95 e[]\OT1/cmr/m/n/10.95 (\OML/cmm/m/it/1
0.95 Pr\OT1/cmr/m/n/10.95 [\OML/cmm/m/it/10.95 sim[]\OT1/cmr/m/n/10.95 ([](\OML
/cmm/m/it/10.95 x[]\OT1/cmr/m/n/10.95 )\OML/cmm/m/it/10.95 ; []\OT1/cmr/m/n/10.
95 (\OML/cmm/m/it/10.95 z\OT1/cmr/m/n/10.95 )) \OMS/cmsy/m/n/10.95 2 \OML/cmm/m
/it/10.95 S[]; sim[]\OT1/cmr/m/n/10.95 ([](\OML/cmm/m/it/10.95 z\OT1/cmr/m/n/10
.95 )\OML/cmm/m/it/10.95 ; []\OT1/cmr/m/n/10.95 (\OML/cmm/m/it/10.95 x[]\OT1/cm
r/m/n/10.95 )) \OMS/cmsy/m/n/10.95 2 \OML/cmm/m/it/10.95 S[] \OMS/cmsy/m/n/10.9
5 j \OML/cmm/m/it/10.95 X[] \OT1/cmr/m/n/10.95 = \OML/cmm/m/it/10.95 z\OT1/cmr/
m/n/10.95 ] + (\OML/cmm/m/it/10.95 ^^N[] \OT1/cmr/m/n/10.95 + \OML/cmm/m/it/10.
95 ^^N[]\OT1/cmr/m/n/10.95 )
 []


Overfull \hbox (26.17567pt too wide) detected at line 67
\OT1/cmr/m/n/10.95 = \OML/cmm/m/it/10.95 e[]\OT1/cmr/m/n/10.95 (\OML/cmm/m/it/1
0.95 Pr\OT1/cmr/m/n/10.95 [(\OML/cmm/m/it/10.95 sim[]\OT1/cmr/m/n/10.95 ([](\OM
L/cmm/m/it/10.95 X[]\OT1/cmr/m/n/10.95 ))\OML/cmm/m/it/10.95 ; sim[]\OT1/cmr/m/
n/10.95 ([](\OML/cmm/m/it/10.95 X[]\OT1/cmr/m/n/10.95 ))) \OMS/cmsy/m/n/10.95 2
 \OT1/cmr/m/n/10.95 (\OML/cmm/m/it/10.95 S[]; S[]\OT1/cmr/m/n/10.95 ) \OMS/cmsy
/m/n/10.95 j \OML/cmm/m/it/10.95 X[] \OT1/cmr/m/n/10.95 = \OML/cmm/m/it/10.95 z
\OT1/cmr/m/n/10.95 ] + (\OML/cmm/m/it/10.95 ^^N[] \OT1/cmr/m/n/10.95 + \OML/cmm
/m/it/10.95 ^^N[]\OT1/cmr/m/n/10.95 ) \U/msa/m/n/10.95 ^^C
 []


Underfull \hbox (badness 10000) in paragraph at lines 67--68

 []


Underfull \hbox (badness 10000) in paragraph at lines 77--79

 []


Overfull \hbox (49.88277pt too wide) detected at line 94
\OT1/cmr/m/n/10.95 = \OML/cmm/m/it/10.95 Pr\OT1/cmr/m/n/10.95 [\OML/cmm/m/it/10
.95 F\OT1/cmr/m/n/10.95 (\OML/cmm/m/it/10.95 x[]; [] ; x[]; X[]\OT1/cmr/m/n/10.
95 ) \OMS/cmsy/m/n/10.95 2 \OML/cmm/m/it/10.95 S[] \OMS/cmsy/m/n/10.95 j \OML/c
mm/m/it/10.95 F\OT1/cmr/m/n/10.95 (\OML/cmm/m/it/10.95 X[]\OT1/cmr/m/n/10.95 ) 
\OMS/cmsy/m/n/10.95 2 \OML/cmm/m/it/10.95 S[]; [] ; F\OT1/cmr/m/n/10.95 (\OML/c
mm/m/it/10.95 X[]\OT1/cmr/m/n/10.95 ) \OMS/cmsy/m/n/10.95 2 \OML/cmm/m/it/10.95
 S[]; X[] \OT1/cmr/m/n/10.95 = \OML/cmm/m/it/10.95 z\OT1/cmr/m/n/10.95 ]
 []


Overfull \hbox (61.4488pt too wide) detected at line 97
\OT1/cmr/m/n/10.95 = ^^F[]\OML/cmm/m/it/10.95 Pr\OT1/cmr/m/n/10.95 [\OML/cmm/m/
it/10.95 F\OT1/cmr/m/n/10.95 (\OML/cmm/m/it/10.95 x[]; [] ; x[]; X[]\OT1/cmr/m/
n/10.95 ) \OMS/cmsy/m/n/10.95 2 \OML/cmm/m/it/10.95 S[] \OMS/cmsy/m/n/10.95 j \
OML/cmm/m/it/10.95 F\OT1/cmr/m/n/10.95 (\OML/cmm/m/it/10.95 X[]\OT1/cmr/m/n/10.
95 ) = \OML/cmm/m/it/10.95 v[]; F\OT1/cmr/m/n/10.95 (\OML/cmm/m/it/10.95 X[]\OT
1/cmr/m/n/10.95 ) \OMS/cmsy/m/n/10.95 2 \OML/cmm/m/it/10.95 S[];
 []

[2]
Overfull \hbox (5.8463pt too wide) in paragraph at lines 100--102
\OT1/cmr/m/n/10.95 Notice that $\OML/cmm/m/it/10.95 F\OT1/cmr/m/n/10.95 (\OML/c
mm/m/it/10.95 x[]; [] ; x[]; X[]\OT1/cmr/m/n/10.95 ) = \OML/cmm/m/it/10.95 F\OT
1/cmr/m/n/10.95 (\OML/cmm/m/it/10.95 x[]\OT1/cmr/m/n/10.95 ) + \OML/cmm/m/it/10
.95 F\OT1/cmr/m/n/10.95 (\OML/cmm/m/it/10.95 X[]\OT1/cmr/m/n/10.95 ) \OMS/cmsy/
m/n/10.95 ^^@ \OML/cmm/m/it/10.95 F\OT1/cmr/m/n/10.95 (\OML/cmm/m/it/10.95 x[]\
OT1/cmr/m/n/10.95 )$,
 []


Overfull \hbox (98.34796pt too wide) detected at line 104
\OT1/cmr/m/n/10.95 = ^^F[]\OML/cmm/m/it/10.95 Pr\OT1/cmr/m/n/10.95 [(\OML/cmm/m
/it/10.95 F\OT1/cmr/m/n/10.95 (\OML/cmm/m/it/10.95 x[]\OT1/cmr/m/n/10.95 ) + \O
ML/cmm/m/it/10.95 F\OT1/cmr/m/n/10.95 (\OML/cmm/m/it/10.95 X[]\OT1/cmr/m/n/10.9
5 )) \OMS/cmsy/m/n/10.95 2 \OML/cmm/m/it/10.95 S[] \OMS/cmsy/m/n/10.95 j \OML/c
mm/m/it/10.95 F\OT1/cmr/m/n/10.95 (\OML/cmm/m/it/10.95 X[]\OT1/cmr/m/n/10.95 ) 
= \OML/cmm/m/it/10.95 v[] \OMS/cmsy/m/n/10.95 ^^@ \OML/cmm/m/it/10.95 v[]; F\OT
1/cmr/m/n/10.95 (\OML/cmm/m/it/10.95 X[]\OT1/cmr/m/n/10.95 ) = \OML/cmm/m/it/10
.95 v[]; F\OT1/cmr/m/n/10.95 (\OML/cmm/m/it/10.95 X[]\OT1/cmr/m/n/10.95 ) \OMS/
cmsy/m/n/10.95 2 \OML/cmm/m/it/10.95 S[];
 []


Underfull \hbox (badness 10000) in paragraph at lines 114--120

 []


Overfull \hbox (1.79591pt too wide) in paragraph at lines 114--120
\OT1/cmr/m/n/10.95 iary in-for-ma-tion. By the def-i-ni-tion of CW-privacy, $\O
ML/cmm/m/it/10.95 F$ \OT1/cmr/m/n/10.95 should be $(\OML/cmm/m/it/10.95 ^^O[]; 
^^N[]; \OT1/cmr/m/n/10.95 ^^A[]\OML/cmm/m/it/10.95 ; \OT1/cmr/m/n/10.95 ^^@)$-
 []


Overfull \hbox (6.98578pt too wide) detected at line 128
\OT1/cmr/m/n/10.95 = ^^F[](\OML/cmm/m/it/10.95 e[]Pr\OT1/cmr/m/n/10.95 [\OML/cm
m/m/it/10.95 sim[]\OT1/cmr/m/n/10.95 ([](\OML/cmm/m/it/10.95 X[]\OT1/cmr/m/n/10
.95 )) \OMS/cmsy/m/n/10.95 2 \OML/cmm/m/it/10.95 S[] \OMS/cmsy/m/n/10.95 j \OML
/cmm/m/it/10.95 F\OT1/cmr/m/n/10.95 (\OML/cmm/m/it/10.95 X[]\OT1/cmr/m/n/10.95 
) = \OML/cmm/m/it/10.95 v[]; F\OT1/cmr/m/n/10.95 (\OML/cmm/m/it/10.95 X[]\OT1/c
mr/m/n/10.95 ) \OMS/cmsy/m/n/10.95 2 \OML/cmm/m/it/10.95 S[];
 []


Overfull \hbox (0.96696pt too wide) detected at line 142
\OML/cmm/m/it/10.95 Pr\OT1/cmr/m/n/10.95 [\OML/cmm/m/it/10.95 F\OT1/cmr/m/n/10.
95 (\OML/cmm/m/it/10.95 x[]\OT1/cmr/m/n/10.95 ) + \OML/cmm/m/it/10.95 F\OT1/cmr
/m/n/10.95 (\OML/cmm/m/it/10.95 X[]\OT1/cmr/m/n/10.95 ) \OMS/cmsy/m/n/10.95 2 \
OML/cmm/m/it/10.95 S\OMS/cmsy/m/n/10.95 j\OML/cmm/m/it/10.95 X[] \OT1/cmr/m/n/1
0.95 = \OML/cmm/m/it/10.95 z; F\OT1/cmr/m/n/10.95 (\OML/cmm/m/it/10.95 X[]\OT1/
cmr/m/n/10.95 ) = \OML/cmm/m/it/10.95 v\OT1/cmr/m/n/10.95 ] = \OML/cmm/m/it/10.
95 Pr\OT1/cmr/m/n/10.95 [\OML/cmm/m/it/10.95 F\OT1/cmr/m/n/10.95 (\OML/cmm/m/it
/10.95 x[]\OT1/cmr/m/n/10.95 ) + \OML/cmm/m/it/10.95 F\OT1/cmr/m/n/10.95 (\OML/
cmm/m/it/10.95 X[]\OT1/cmr/m/n/10.95 ) \OMS/cmsy/m/n/10.95 2 \OML/cmm/m/it/10.9
5 S\OMS/cmsy/m/n/10.95 j\OML/cmm/m/it/10.95 X[] \OT1/cmr/m/n/10.95 = \OML/cmm/m
/it/10.95 z\OT1/cmr/m/n/10.95 ]
 []


Overfull \hbox (61.38623pt too wide) detected at line 153
\OT1/cmr/m/n/10.95 = \OML/cmm/m/it/10.95 Pr\OT1/cmr/m/n/10.95 [(\OML/cmm/m/it/1
0.95 F\OT1/cmr/m/n/10.95 (\OML/cmm/m/it/10.95 x[]; [] ; x[]; X[]\OT1/cmr/m/n/10
.95 )\OML/cmm/m/it/10.95 ; [] ; F\OT1/cmr/m/n/10.95 (\OML/cmm/m/it/10.95 x[]; x
[]X[]\OT1/cmr/m/n/10.95 )\OML/cmm/m/it/10.95 ; ; F\OT1/cmr/m/n/10.95 (\OML/cmm/
m/it/10.95 x[]; X[]\OT1/cmr/m/n/10.95 )) \OMS/cmsy/m/n/10.95 2 \OML/cmm/m/it/10
.95 S[] \OMS/cmsy/m/n/10.95 j \OML/cmm/m/it/10.95 X[] \OT1/cmr/m/n/10.95 = \OML
/cmm/m/it/10.95 z\OT1/cmr/m/n/10.95 ]
 []

[3]
Overfull \hbox (52.79884pt too wide) detected at line 158
\OMS/cmsy/m/n/10.95 H \OT1/cmr/m/n/10.95 = (\OML/cmm/m/it/10.95 F\OT1/cmr/m/n/1
0.95 (\OML/cmm/m/it/10.95 x[]; [] ; x[]; X[]\OT1/cmr/m/n/10.95 )\OML/cmm/m/it/1
0.95 ; [] ; F\OT1/cmr/m/n/10.95 (\OML/cmm/m/it/10.95 x[]; x[]; X[]\OT1/cmr/m/n/
10.95 )\OML/cmm/m/it/10.95 ; F\OT1/cmr/m/n/10.95 (\OML/cmm/m/it/10.95 x[]; X[]\
OT1/cmr/m/n/10.95 ))\OML/cmm/m/it/10.95 :
 []


Overfull \hbox (84.47774pt too wide) detected at line 175
\OT1/cmr/m/n/10.95 = \OML/cmm/m/it/10.95 Pr\OT1/cmr/m/n/10.95 [(\OML/cmm/m/it/1
0.95 F\OT1/cmr/m/n/10.95 (\OML/cmm/m/it/10.95 x[]; [] ; x[]; X[]\OT1/cmr/m/n/10
.95 )\OML/cmm/m/it/10.95 ; [] ; F\OT1/cmr/m/n/10.95 (\OML/cmm/m/it/10.95 x[]; x
[]; X[]\OT1/cmr/m/n/10.95 )\OML/cmm/m/it/10.95 ; F\OT1/cmr/m/n/10.95 (\OML/cmm/
m/it/10.95 x[]; X[]\OT1/cmr/m/n/10.95 )) \OMS/cmsy/m/n/10.95 2 \OML/cmm/m/it/10
.95 S[]
 []


Overfull \hbox (52.79884pt too wide) detected at line 179
\OMS/cmsy/m/n/10.95 H \OT1/cmr/m/n/10.95 = (\OML/cmm/m/it/10.95 F\OT1/cmr/m/n/1
0.95 (\OML/cmm/m/it/10.95 x[]; [] ; x[]; X[]\OT1/cmr/m/n/10.95 )\OML/cmm/m/it/1
0.95 ; [] ; F\OT1/cmr/m/n/10.95 (\OML/cmm/m/it/10.95 x[]; x[]; X[]\OT1/cmr/m/n/
10.95 )\OML/cmm/m/it/10.95 ; F\OT1/cmr/m/n/10.95 (\OML/cmm/m/it/10.95 x[]; X[]\
OT1/cmr/m/n/10.95 ))\OML/cmm/m/it/10.95 :
 []

[4]
Overfull \hbox (7.17842pt too wide) detected at line 191
\OMS/cmsy/m/n/10.95 ^^T \OML/cmm/m/it/10.95 e[]Pr\OT1/cmr/m/n/10.95 [(\OML/cmm/
m/it/10.95 sim[]\OT1/cmr/m/n/10.95 ([](\OML/cmm/m/it/10.95 X[]\OT1/cmr/m/n/10.9
5 ))\OML/cmm/m/it/10.95 ; [] ; sim[]\OT1/cmr/m/n/10.95 ([](\OML/cmm/m/it/10.95 
X[]\OT1/cmr/m/n/10.95 ))) \OMS/cmsy/m/n/10.95 2 \OML/cmm/m/it/10.95 S[] \OMS/cm
sy/m/n/10.95 j \OML/cmm/m/it/10.95 X[] \OT1/cmr/m/n/10.95 = \OML/cmm/m/it/10.95
 z[]\OT1/cmr/m/n/10.95 ] + \OML/cmm/m/it/10.95 ^^N[]:
 []


Overfull \hbox (66.86613pt too wide) detected at line 220
\OMS/cmsy/m/n/10.95 ^^T \OT1/cmr/m/n/10.95 ^^F[](\OML/cmm/m/it/10.95 e[]Pr\OT1/
cmr/m/n/10.95 [(\OML/cmm/m/it/10.95 sim[]\OT1/cmr/m/n/10.95 ([](\OML/cmm/m/it/1
0.95 X[]\OT1/cmr/m/n/10.95 ))\OML/cmm/m/it/10.95 ; [] ; sim[]\OT1/cmr/m/n/10.95
 ([](\OML/cmm/m/it/10.95 X[]\OT1/cmr/m/n/10.95 ))) \OMS/cmsy/m/n/10.95 2 \OML/c
mm/m/it/10.95 S[]\OT1/cmr/m/n/10.95 (\OML/cmm/m/it/10.95 v\OT1/cmr/m/n/10.95 ) 
\OMS/cmsy/m/n/10.95 j \OML/cmm/m/it/10.95 X[] \OT1/cmr/m/n/10.95 = \OML/cmm/m/i
t/10.95 z[]\OT1/cmr/m/n/10.95 ] + \OML/cmm/m/it/10.95 ^^N[]\OT1/cmr/m/n/10.95 )

 []


Overfull \hbox (87.52495pt too wide) detected at line 227
\OT1/cmr/m/n/10.95 = \OML/cmm/m/it/10.95 e[]\OT1/cmr/m/n/10.95 (^^F[]\OML/cmm/m
/it/10.95 Pr\OT1/cmr/m/n/10.95 [(\OML/cmm/m/it/10.95 sim[]\OT1/cmr/m/n/10.95 ([
](\OML/cmm/m/it/10.95 X[]\OT1/cmr/m/n/10.95 ))\OML/cmm/m/it/10.95 ; [] ; sim[]\
OT1/cmr/m/n/10.95 ([](\OML/cmm/m/it/10.95 X[]\OT1/cmr/m/n/10.95 ))) \OMS/cmsy/m
/n/10.95 2 \OML/cmm/m/it/10.95 S[]\OT1/cmr/m/n/10.95 (\OML/cmm/m/it/10.95 v\OT1
/cmr/m/n/10.95 ) \OMS/cmsy/m/n/10.95 j \OML/cmm/m/it/10.95 x[] \OT1/cmr/m/n/10.
95 = \OML/cmm/m/it/10.95 v; X[] \OT1/cmr/m/n/10.95 = \OML/cmm/m/it/10.95 z\OT1/
cmr/m/n/10.95 ]
 []

[5] (./09:25.aux) ) 
Here is how much of TeX's memory you used:
 1515 strings out of 493488
 17209 string characters out of 3141326
 71422 words of memory out of 3000000
 4843 multiletter control sequences out of 15000+200000
 11061 words of font info for 42 fonts, out of 3000000 for 9000
 957 hyphenation exceptions out of 8191
 27i,6n,24p,944b,197s stack positions out of 5000i,500n,10000p,200000b,50000s
</usr/local/texlive/2012/texmf-dist/fonts/type1/public/amsfo
nts/cm/cmbx10.pfb></usr/local/texlive/2012/texmf-dist/fonts/type1/public/amsfon
ts/cm/cmbx8.pfb></usr/local/texlive/2012/texmf-dist/fonts/type1/public/amsfonts
/cm/cmmi10.pfb></usr/local/texlive/2012/texmf-dist/fonts/type1/public/amsfonts/
cm/cmmi6.pfb></usr/local/texlive/2012/texmf-dist/fonts/type1/public/amsfonts/cm
/cmmi8.pfb></usr/local/texlive/2012/texmf-dist/fonts/type1/public/amsfonts/cm/c
mr10.pfb></usr/local/texlive/2012/texmf-dist/fonts/type1/public/amsfonts/cm/cmr
17.pfb></usr/local/texlive/2012/texmf-dist/fonts/type1/public/amsfonts/cm/cmr6.
pfb></usr/local/texlive/2012/texmf-dist/fonts/type1/public/amsfonts/cm/cmr8.pfb
></usr/local/texlive/2012/texmf-dist/fonts/type1/public/amsfonts/cm/cmsy10.pfb>
</usr/local/texlive/2012/texmf-dist/fonts/type1/public/amsfonts/cm/cmsy6.pfb></
usr/local/texlive/2012/texmf-dist/fonts/type1/public/amsfonts/cm/cmsy8.pfb></us
r/local/texlive/2012/texmf-dist/fonts/type1/public/amsfonts/symbols/msam10.pfb>
</usr/local/texlive/2012/texmf-dist/fonts/type1/public/amsfonts/symbols/msbm10.
pfb>
Output written on 09:25.pdf (5 pages, 145302 bytes).
PDF statistics:
 76 PDF objects out of 1000 (max. 8388607)
 54 compressed objects within 1 object stream
 0 named destinations out of 1000 (max. 500000)
 1 words of extra memory for PDF output out of 10000 (max. 10000000)

