This is pdfTeX, Version 3.1415926-2.4-1.40.13 (TeX Live 2012) (format=pdflatex 2012.6.30)  12 NOV 2014 01:15
entering extended mode
 \write18 enabled.
 file:line:error style messages enabled.
 %&-line parsing enabled.
**writeup.tex
(./writeup.tex
LaTeX2e <2011/06/27>
Babel <v3.8m> and hyphenation patterns for english, dumylang, nohyphenation, ge
rman-x-2012-05-30, ngerman-x-2012-05-30, afrikaans, ancientgreek, ibycus, arabi
c, armenian, basque, bulgarian, catalan, pinyin, coptic, croatian, czech, danis
h, dutch, ukenglish, usenglishmax, esperanto, estonian, ethiopic, farsi, finnis
h, french, friulan, galician, german, ngerman, swissgerman, monogreek, greek, h
ungarian, icelandic, assamese, bengali, gujarati, hindi, kannada, malayalam, ma
rathi, oriya, panjabi, tamil, telugu, indonesian, interlingua, irish, italian, 
kurmanji, latin, latvian, lithuanian, mongolian, mongolianlmc, bokmal, nynorsk,
 polish, portuguese, romanian, romansh, russian, sanskrit, serbian, serbianc, s
lovak, slovenian, spanish, swedish, turkish, turkmen, ukrainian, uppersorbian, 
welsh, loaded.
(/usr/local/texlive/2012/texmf-dist/tex/latex/base/article.cls
Document Class: article 2007/10/19 v1.4h Standard LaTeX document class
(/usr/local/texlive/2012/texmf-dist/tex/latex/base/size11.clo
File: size11.clo 2007/10/19 v1.4h Standard LaTeX file (size option)
)
\c@part=\count79
\c@section=\count80
\c@subsection=\count81
\c@subsubsection=\count82
\c@paragraph=\count83
\c@subparagraph=\count84
\c@figure=\count85
\c@table=\count86
\abovecaptionskip=\skip41
\belowcaptionskip=\skip42
\bibindent=\dimen102
)
(/usr/local/texlive/2012/texmf-dist/tex/latex/url/url.sty
\Urlmuskip=\muskip10
Package: url 2006/04/12  ver 3.3  Verb mode for urls, etc.
)
(/usr/local/texlive/2012/texmf-dist/tex/latex/amsmath/amsmath.sty
Package: amsmath 2000/07/18 v2.13 AMS math features
\@mathmargin=\skip43

For additional information on amsmath, use the `?' option.
(/usr/local/texlive/2012/texmf-dist/tex/latex/amsmath/amstext.sty
Package: amstext 2000/06/29 v2.01

(/usr/local/texlive/2012/texmf-dist/tex/latex/amsmath/amsgen.sty
File: amsgen.sty 1999/11/30 v2.0
\@emptytoks=\toks14
\ex@=\dimen103
))
(/usr/local/texlive/2012/texmf-dist/tex/latex/amsmath/amsbsy.sty
Package: amsbsy 1999/11/29 v1.2d
\pmbraise@=\dimen104
)
(/usr/local/texlive/2012/texmf-dist/tex/latex/amsmath/amsopn.sty
Package: amsopn 1999/12/14 v2.01 operator names
)
\inf@bad=\count87
LaTeX Info: Redefining \frac on input line 211.
\uproot@=\count88
\leftroot@=\count89
LaTeX Info: Redefining \overline on input line 307.
\classnum@=\count90
\DOTSCASE@=\count91
LaTeX Info: Redefining \ldots on input line 379.
LaTeX Info: Redefining \dots on input line 382.
LaTeX Info: Redefining \cdots on input line 467.
\Mathstrutbox@=\box26
\strutbox@=\box27
\big@size=\dimen105
LaTeX Font Info:    Redeclaring font encoding OML on input line 567.
LaTeX Font Info:    Redeclaring font encoding OMS on input line 568.
\macc@depth=\count92
\c@MaxMatrixCols=\count93
\dotsspace@=\muskip11
\c@parentequation=\count94
\dspbrk@lvl=\count95
\tag@help=\toks15
\row@=\count96
\column@=\count97
\maxfields@=\count98
\andhelp@=\toks16
\eqnshift@=\dimen106
\alignsep@=\dimen107
\tagshift@=\dimen108
\tagwidth@=\dimen109
\totwidth@=\dimen110
\lineht@=\dimen111
\@envbody=\toks17
\multlinegap=\skip44
\multlinetaggap=\skip45
\mathdisplay@stack=\toks18
LaTeX Info: Redefining \[ on input line 2666.
LaTeX Info: Redefining \] on input line 2667.
)
(/usr/local/texlive/2012/texmf-dist/tex/latex/amscls/amsthm.sty
Package: amsthm 2009/07/02 v2.20.1
\thm@style=\toks19
\thm@bodyfont=\toks20
\thm@headfont=\toks21
\thm@notefont=\toks22
\thm@headpunct=\toks23
\thm@preskip=\skip46
\thm@postskip=\skip47
\thm@headsep=\skip48
\dth@everypar=\toks24
)
(/usr/local/texlive/2012/texmf-dist/tex/latex/amsfonts/amssymb.sty
Package: amssymb 2009/06/22 v3.00

(/usr/local/texlive/2012/texmf-dist/tex/latex/amsfonts/amsfonts.sty
Package: amsfonts 2009/06/22 v3.00 Basic AMSFonts support
\symAMSa=\mathgroup4
\symAMSb=\mathgroup5
LaTeX Font Info:    Overwriting math alphabet `\mathfrak' in version `bold'
(Font)                  U/euf/m/n --> U/euf/b/n on input line 96.
))
(./mathpartir.sty
Package: mathpartir 2005/12/20 version 1.2.0 Math Paragraph for Typesetting Inf
erence Rules

(/usr/local/texlive/2012/texmf-dist/tex/latex/graphics/keyval.sty
Package: keyval 1999/03/16 v1.13 key=value parser (DPC)
\KV@toks@=\toks25
)
\mpr@andskip=\skip49
\mpr@lista=\toks26
\mpr@listb=\toks27
\mpr@hlist=\box28
\mpr@vlist=\box29
\mpr@right=\box30
)
(/usr/local/texlive/2012/texmf-dist/tex/latex/graphics/graphicx.sty
Package: graphicx 1999/02/16 v1.0f Enhanced LaTeX Graphics (DPC,SPQR)

(/usr/local/texlive/2012/texmf-dist/tex/latex/graphics/graphics.sty
Package: graphics 2009/02/05 v1.0o Standard LaTeX Graphics (DPC,SPQR)

(/usr/local/texlive/2012/texmf-dist/tex/latex/graphics/trig.sty
Package: trig 1999/03/16 v1.09 sin cos tan (DPC)
)
(/usr/local/texlive/2012/texmf-dist/tex/latex/latexconfig/graphics.cfg
File: graphics.cfg 2010/04/23 v1.9 graphics configuration of TeX Live
)
Package graphics Info: Driver file: pdftex.def on input line 91.

(/usr/local/texlive/2012/texmf-dist/tex/latex/pdftex-def/pdftex.def
File: pdftex.def 2011/05/27 v0.06d Graphics/color for pdfTeX

(/usr/local/texlive/2012/texmf-dist/tex/generic/oberdiek/infwarerr.sty
Package: infwarerr 2010/04/08 v1.3 Providing info/warning/error messages (HO)
)
(/usr/local/texlive/2012/texmf-dist/tex/generic/oberdiek/ltxcmds.sty
Package: ltxcmds 2011/11/09 v1.22 LaTeX kernel commands for general use (HO)
)
\Gread@gobject=\count99
))
\Gin@req@height=\dimen112
\Gin@req@width=\dimen113
)
(/usr/local/texlive/2012/texmf-dist/tex/latex/comment/comment.sty
\CommentStream=\write3

Excluding comment 'comment') (./macro.tex
\c@theorem=\count100
\c@lemma=\count101
\c@definition=\count102
) (./writeup.aux)
\openout1 = `writeup.aux'.

LaTeX Font Info:    Checking defaults for OML/cmm/m/it on input line 16.
LaTeX Font Info:    ... okay on input line 16.
LaTeX Font Info:    Checking defaults for T1/cmr/m/n on input line 16.
LaTeX Font Info:    ... okay on input line 16.
LaTeX Font Info:    Checking defaults for OT1/cmr/m/n on input line 16.
LaTeX Font Info:    ... okay on input line 16.
LaTeX Font Info:    Checking defaults for OMS/cmsy/m/n on input line 16.
LaTeX Font Info:    ... okay on input line 16.
LaTeX Font Info:    Checking defaults for OMX/cmex/m/n on input line 16.
LaTeX Font Info:    ... okay on input line 16.
LaTeX Font Info:    Checking defaults for U/cmr/m/n on input line 16.
LaTeX Font Info:    ... okay on input line 16.

(/usr/local/texlive/2012/texmf-dist/tex/context/base/supp-pdf.mkii
[Loading MPS to PDF converter (version 2006.09.02).]
\scratchcounter=\count103
\scratchdimen=\dimen114
\scratchbox=\box31
\nofMPsegments=\count104
\nofMParguments=\count105
\everyMPshowfont=\toks28
\MPscratchCnt=\count106
\MPscratchDim=\dimen115
\MPnumerator=\count107
\makeMPintoPDFobject=\count108
\everyMPtoPDFconversion=\toks29
) (/usr/local/texlive/2012/texmf-dist/tex/generic/oberdiek/pdftexcmds.sty
Package: pdftexcmds 2011/11/29 v0.20 Utility functions of pdfTeX for LuaTeX (HO
)

(/usr/local/texlive/2012/texmf-dist/tex/generic/oberdiek/ifluatex.sty
Package: ifluatex 2010/03/01 v1.3 Provides the ifluatex switch (HO)
Package ifluatex Info: LuaTeX not detected.
)
(/usr/local/texlive/2012/texmf-dist/tex/generic/oberdiek/ifpdf.sty
Package: ifpdf 2011/01/30 v2.3 Provides the ifpdf switch (HO)
Package ifpdf Info: pdfTeX in PDF mode is detected.
)
Package pdftexcmds Info: LuaTeX not detected.
Package pdftexcmds Info: \pdf@primitive is available.
Package pdftexcmds Info: \pdf@ifprimitive is available.
Package pdftexcmds Info: \pdfdraftmode found.
)
(/usr/local/texlive/2012/texmf-dist/tex/latex/oberdiek/epstopdf-base.sty
Package: epstopdf-base 2010/02/09 v2.5 Base part for package epstopdf

(/usr/local/texlive/2012/texmf-dist/tex/latex/oberdiek/grfext.sty
Package: grfext 2010/08/19 v1.1 Manage graphics extensions (HO)

(/usr/local/texlive/2012/texmf-dist/tex/generic/oberdiek/kvdefinekeys.sty
Package: kvdefinekeys 2011/04/07 v1.3 Define keys (HO)
))
(/usr/local/texlive/2012/texmf-dist/tex/latex/oberdiek/kvoptions.sty
Package: kvoptions 2011/06/30 v3.11 Key value format for package options (HO)

(/usr/local/texlive/2012/texmf-dist/tex/generic/oberdiek/kvsetkeys.sty
Package: kvsetkeys 2012/04/25 v1.16 Key value parser (HO)

(/usr/local/texlive/2012/texmf-dist/tex/generic/oberdiek/etexcmds.sty
Package: etexcmds 2011/02/16 v1.5 Avoid name clashes with e-TeX commands (HO)
Package etexcmds Info: Could not find \expanded.
(etexcmds)             That can mean that you are not using pdfTeX 1.50 or
(etexcmds)             that some package has redefined \expanded.
(etexcmds)             In the latter case, load this package earlier.
)))
Package grfext Info: Graphics extension search list:
(grfext)             [.png,.pdf,.jpg,.mps,.jpeg,.jbig2,.jb2,.PNG,.PDF,.JPG,.JPE
G,.JBIG2,.JB2,.eps]
(grfext)             \AppendGraphicsExtensions on input line 452.

(/usr/local/texlive/2012/texmf-dist/tex/latex/latexconfig/epstopdf-sys.cfg
File: epstopdf-sys.cfg 2010/07/13 v1.3 Configuration of (r)epstopdf for TeX Liv
e
))
LaTeX Font Info:    Try loading font information for U+msa on input line 17.

(/usr/local/texlive/2012/texmf-dist/tex/latex/amsfonts/umsa.fd
File: umsa.fd 2009/06/22 v3.00 AMS symbols A
)
LaTeX Font Info:    Try loading font information for U+msb on input line 17.

(/usr/local/texlive/2012/texmf-dist/tex/latex/amsfonts/umsb.fd
File: umsb.fd 2009/06/22 v3.00 AMS symbols B
)

LaTeX Warning: No \author given.

[1

{/usr/local/texlive/2012/texmf-var/fonts/map/pdftex/updmap/pdftex.map}]
<fig/privacyregion.pdf, id=17, 248.93pt x 219.82124pt>
File: fig/privacyregion.pdf Graphic file (type pdf)

<use fig/privacyregion.pdf>
Package pdftex.def Info: fig/privacyregion.pdf used on input line 57.
(pdftex.def)             Requested size: 180.67499pt x 159.55246pt.

Overfull \hbox (6.47546pt too wide) in paragraph at lines 62--63
[]\OT1/cmr/m/n/10.95 For the set slopes, let $\OMS/cmsy/m/n/10.95 E \OT1/cmr/m/
n/10.95 = \OMS/cmsy/m/n/10.95 f\OT1/cmr/m/n/10.95 0 \OMS/cmsy/m/n/10.95 ^^T \OM
L/cmm/m/it/10.95 ^^O[] < \OMS/cmsy/m/n/10.95 1 j \OML/cmm/m/it/10.95 Pr\OT1/cmr
/m/n/10.95 [\OML/cmm/m/it/10.95 M\OT1/cmr/m/n/10.95 (\OML/cmm/m/it/10.95 x\OT1/
cmr/m/n/10.95 ) = \OML/cmm/m/it/10.95 y\OT1/cmr/m/n/10.95 ] = \OML/cmm/m/it/10.
95 e[]Pr\OT1/cmr/m/n/10.95 [\OML/cmm/m/it/10.95 M\OT1/cmr/m/n/10.95 (\OML/cmm/m
/it/10.95 x[]\OT1/cmr/m/n/10.95 ) =
 []


Overfull \hbox (5.40268pt too wide) detected at line 73
\OML/cmm/m/it/10.95 Pr\OT1/cmr/m/n/10.95 [\OML/cmm/m/it/10.95 M\OT1/cmr/m/n/10.
95 (\OML/cmm/m/it/10.95 X\OT1/cmr/m/n/10.95 ) \OMS/cmsy/m/n/10.95 2 \OML/cmm/m/
it/10.95 S \OMS/cmsy/m/n/10.95 j \OML/cmm/m/it/10.95 priv\OT1/cmr/m/n/10.95 (\O
ML/cmm/m/it/10.95 X\OT1/cmr/m/n/10.95 )\OML/cmm/m/it/10.95 ; Z\OT1/cmr/m/n/10.9
5 ] + \OML/cmm/m/it/10.95 e[]Pr\OT1/cmr/m/n/10.95 [\OML/cmm/m/it/10.95 M\OT1/cm
r/m/n/10.95 (\OML/cmm/m/it/10.95 alt\OT1/cmr/m/n/10.95 (\OML/cmm/m/it/10.95 X\O
T1/cmr/m/n/10.95 )) \OMS/cmsy/m/n/10.95 2 [] j \OML/cmm/m/it/10.95 priv\OT1/cmr
/m/n/10.95 (\OML/cmm/m/it/10.95 X\OT1/cmr/m/n/10.95 )\OML/cmm/m/it/10.95 ; Z\OT
1/cmr/m/n/10.95 ] \OMS/cmsy/m/n/10.95 ^^U \OT1/cmr/m/n/10.95 1 \OMS/cmsy/m/n/10
.95 ^^@ \OML/cmm/m/it/10.95 ^^N;  and
 []

[2 <./fig/privacyregion.pdf>]
<fig/stream_database1.pdf, id=51, 502.87875pt x 550.055pt>
File: fig/stream_database1.pdf Graphic file (type pdf)

<use fig/stream_database1.pdf>
Package pdftex.def Info: fig/stream_database1.pdf used on input line 83.
(pdftex.def)             Requested size: 346.89621pt x 379.43764pt.

Underfull \hbox (badness 10000) in paragraph at lines 86--92

 []


Underfull \hbox (badness 10000) in paragraph at lines 93--97

 []

[3]
Overfull \hbox (7.4584pt too wide) in paragraph at lines 101--102
[]$\OMS/cmsy/m/n/10.95 8\OML/cmm/m/it/10.95 y \OMS/cmsy/m/n/10.95 2 []\OML/cmm/
m/it/10.95 ;  \OMS/cmsy/m/n/10.95 8\OML/cmm/m/it/10.95 z \OT1/cmr/m/n/10.95 : \
OML/cmm/m/it/10.95 Pr\OT1/cmr/m/n/10.95 [\OML/cmm/m/it/10.95 M\OT1/cmr/m/n/10.9
5 (\OML/cmm/m/it/10.95 X[]\OT1/cmr/m/n/10.95 ) = \OML/cmm/m/it/10.95 y \OMS/cms
y/m/n/10.95 j \OML/cmm/m/it/10.95 X[] \OT1/cmr/m/n/10.95 = \OML/cmm/m/it/10.95 
z\OT1/cmr/m/n/10.95 ] = 0[]\OML/cmm/m/it/10.95 Pr\OT1/cmr/m/n/10.95 [\OML/cmm/m
/it/10.95 M\OT1/cmr/m/n/10.95 (\OML/cmm/m/it/10.95 alt\OT1/cmr/m/n/10.95 (\OML/
cmm/m/it/10.95 X[]\OT1/cmr/m/n/10.95 )) =
 []


Overfull \hbox (69.08643pt too wide) detected at line 110
\OML/cmm/m/it/10.95 ^^N[] \OT1/cmr/m/n/10.95 = []\OMS/cmsy/m/n/10.95 f\OT1/cmr/
m/n/10.95 ^^F[]\OML/cmm/m/it/10.95 Pr\OT1/cmr/m/n/10.95 [\OML/cmm/m/it/10.95 M\
OT1/cmr/m/n/10.95 (\OML/cmm/m/it/10.95 X[]\OT1/cmr/m/n/10.95 ) = \OML/cmm/m/it/
10.95 y[] \OMS/cmsy/m/n/10.95 j \OML/cmm/m/it/10.95 X[] \OT1/cmr/m/n/10.95 = \O
ML/cmm/m/it/10.95 z\OT1/cmr/m/n/10.95 ] \OMS/cmsy/m/n/10.95 ^^@ \OML/cmm/m/it/1
0.95 e[]\OT1/cmr/m/n/10.95 ^^F[]\OML/cmm/m/it/10.95 Pr\OT1/cmr/m/n/10.95 [\OML/
cmm/m/it/10.95 M\OT1/cmr/m/n/10.95 (\OML/cmm/m/it/10.95 alt\OT1/cmr/m/n/10.95 (
\OML/cmm/m/it/10.95 X[]\OT1/cmr/m/n/10.95 )) = \OML/cmm/m/it/10.95 y[] \OMS/cms
y/m/n/10.95 j \OML/cmm/m/it/10.95 X[] \OT1/cmr/m/n/10.95 = \OML/cmm/m/it/10.95 
z\OT1/cmr/m/n/10.95 ]\OMS/cmsy/m/n/10.95 g
 []


Overfull \hbox (23.95476pt too wide) in paragraph at lines 120--121
\OT1/cmr/bx/n/10.95 Additional no-ta-tions.  \OT1/cmr/m/n/10.95 For the sim-pli
c-ity of the proofs, we use $\OML/cmm/m/it/10.95 P[]\OT1/cmr/m/n/10.95 (\OML/cm
m/m/it/10.95 y[]; [] ; y[] \OMS/cmsy/m/n/10.95 j \OML/cmm/m/it/10.95 z\OT1/cmr/
m/n/10.95 )$
 []


Overfull \hbox (5.69089pt too wide) in paragraph at lines 120--121
\OT1/cmr/m/n/10.95 to de-note $\OML/cmm/m/it/10.95 Pr\OT1/cmr/m/n/10.95 [\OML/c
mm/m/it/10.95 M\OT1/cmr/m/n/10.95 (\OML/cmm/m/it/10.95 X[]\OT1/cmr/m/n/10.95 ) 
= \OML/cmm/m/it/10.95 y[]; [] M\OT1/cmr/m/n/10.95 (\OML/cmm/m/it/10.95 X[]\OT1/
cmr/m/n/10.95 ) = \OML/cmm/m/it/10.95 y[] \OMS/cmsy/m/n/10.95 j \OML/cmm/m/it/1
0.95 X[] \OT1/cmr/m/n/10.95 = \OML/cmm/m/it/10.95 z\OT1/cmr/m/n/10.95 ]$, and u
se $\OML/cmm/m/it/10.95 P[]\OT1/cmr/m/n/10.95 (\OML/cmm/m/it/10.95 y[]; [] ; y[
] \OMS/cmsy/m/n/10.95 j \OML/cmm/m/it/10.95 z\OT1/cmr/m/n/10.95 )$
 []

[4]
Overfull \hbox (28.08968pt too wide) detected at line 133
\OT1/cmr/m/n/10.95 = []
 []


Overfull \hbox (23.58614pt too wide) detected at line 156
[] \OT1/cmr/m/n/10.95 = []
 []

[5]
Overfull \hbox (18.78615pt too wide) detected at line 180
\OML/cmm/m/it/10.95 P[]\OT1/cmr/m/n/10.95 (\OML/cmm/m/it/10.95 y[]; [] ; y[] \O
MS/cmsy/m/n/10.95 j \OML/cmm/m/it/10.95 z\OT1/cmr/m/n/10.95 ) = ^^F[]\OML/cmm/m
/it/10.95 P[]\OT1/cmr/m/n/10.95 (\OML/cmm/m/it/10.95 y[]; [] ; y[] \OMS/cmsy/m/
n/10.95 j \OT1/cmr/m/n/10.95 [\OML/cmm/m/it/10.95 z\OMS/cmsy/m/n/10.95 ^^C\OML/
cmm/m/it/10.95 ; z\OT1/cmr/m/n/10.95 ][])\OML/cmm/m/it/10.95 P[]\OT1/cmr/m/n/10
.95 (\OML/cmm/m/it/10.95 y[] \OMS/cmsy/m/n/10.95 j \OML/cmm/m/it/10.95 X[] \OT1
/cmr/m/n/10.95 = [\OML/cmm/m/it/10.95 z\OMS/cmsy/m/n/10.95 ^^C\OML/cmm/m/it/10.
95 ; z\OT1/cmr/m/n/10.95 ])\OML/cmm/m/it/10.95 Pr\OT1/cmr/m/n/10.95 [\OML/cmm/m
/it/10.95 X[] \OT1/cmr/m/n/10.95 = \OML/cmm/m/it/10.95 z\OMS/cmsy/m/n/10.95 ^^C
\OT1/cmr/m/n/10.95 ]
 []


Overfull \hbox (1.91096pt too wide) detected at line 191
\OT1/cmr/m/n/10.95 = ^^F[]^^F[]\OML/cmm/m/it/10.95 P[]\OT1/cmr/m/n/10.95 (\OML/
cmm/m/it/10.95 y[]; [] ; y[] \OMS/cmsy/m/n/10.95 j \OT1/cmr/m/n/10.95 [\OML/cmm
/m/it/10.95 z[]; z\OT1/cmr/m/n/10.95 ][])\OML/cmm/m/it/10.95 P[]\OT1/cmr/m/n/10
.95 (\OML/cmm/m/it/10.95 y[] \OMS/cmsy/m/n/10.95 j \OML/cmm/m/it/10.95 X[] \OT1
/cmr/m/n/10.95 = [\OML/cmm/m/it/10.95 z[]; z\OT1/cmr/m/n/10.95 ])\OML/cmm/m/it/
10.95 Pr\OT1/cmr/m/n/10.95 [\OML/cmm/m/it/10.95 X[] \OT1/cmr/m/n/10.95 = \OML/c
mm/m/it/10.95 z[]\OT1/cmr/m/n/10.95 ]
 []


Overfull \hbox (51.23853pt too wide) detected at line 194
\OMS/cmsy/m/n/10.95 ^^U \OT1/cmr/m/n/10.95 ^^F[]^^F[]\OML/cmm/m/it/10.95 P[]\OT
1/cmr/m/n/10.95 (\OML/cmm/m/it/10.95 y[]; [] ; y[] \OMS/cmsy/m/n/10.95 j \OT1/c
mr/m/n/10.95 [\OML/cmm/m/it/10.95 z[]; z\OT1/cmr/m/n/10.95 ][])\OML/cmm/m/it/10
.95 P[]\OT1/cmr/m/n/10.95 (\OML/cmm/m/it/10.95 y[] \OMS/cmsy/m/n/10.95 j \OML/c
mm/m/it/10.95 X[] \OT1/cmr/m/n/10.95 = [\OML/cmm/m/it/10.95 z[]; z\OT1/cmr/m/n/
10.95 ])\OML/cmm/m/it/10.95 Pr\OT1/cmr/m/n/10.95 [\OML/cmm/m/it/10.95 X[] \OT1/
cmr/m/n/10.95 = \OML/cmm/m/it/10.95 z[]\OT1/cmr/m/n/10.95 ]
 []


Overfull \hbox (75.70927pt too wide) detected at line 197
\OT1/cmr/m/n/10.95 = ^^F[]^^F[]^^F[]\OML/cmm/m/it/10.95 P[]\OT1/cmr/m/n/10.95 (
\OML/cmm/m/it/10.95 y[]; [] ; y[] \OMS/cmsy/m/n/10.95 j \OT1/cmr/m/n/10.95 [\OM
L/cmm/m/it/10.95 z[]; z\OT1/cmr/m/n/10.95 ][])\OML/cmm/m/it/10.95 P[]\OT1/cmr/m
/n/10.95 (\OML/cmm/m/it/10.95 y[] \OMS/cmsy/m/n/10.95 j \OML/cmm/m/it/10.95 X[]
 \OT1/cmr/m/n/10.95 = [\OML/cmm/m/it/10.95 z[]; z\OT1/cmr/m/n/10.95 ])\OML/cmm/
m/it/10.95 Pr\OT1/cmr/m/n/10.95 [\OML/cmm/m/it/10.95 X[] \OT1/cmr/m/n/10.95 = \
OML/cmm/m/it/10.95 z[]\OT1/cmr/m/n/10.95 ]
 []

[6] [7 <./fig/stream_database1.pdf>] (./writeup.aux) ) 
Here is how much of TeX's memory you used:
 2828 strings out of 493488
 36953 string characters out of 3141326
 99411 words of memory out of 3000000
 6085 multiletter control sequences out of 15000+200000
 13273 words of font info for 50 fonts, out of 3000000 for 9000
 957 hyphenation exceptions out of 8191
 37i,7n,24p,720b,225s stack positions out of 5000i,500n,10000p,200000b,50000s
</usr/local/texlive/2012/
texmf-dist/fonts/type1/public/amsfonts/cm/cmbx10.pfb></usr/local/texlive/2012/t
exmf-dist/fonts/type1/public/amsfonts/cm/cmbx12.pfb></usr/local/texlive/2012/te
xmf-dist/fonts/type1/public/amsfonts/cm/cmbx8.pfb></usr/local/texlive/2012/texm
f-dist/fonts/type1/public/amsfonts/cm/cmex10.pfb></usr/local/texlive/2012/texmf
-dist/fonts/type1/public/amsfonts/cm/cmmi10.pfb></usr/local/texlive/2012/texmf-
dist/fonts/type1/public/amsfonts/cm/cmmi6.pfb></usr/local/texlive/2012/texmf-di
st/fonts/type1/public/amsfonts/cm/cmmi8.pfb></usr/local/texlive/2012/texmf-dist
/fonts/type1/public/amsfonts/cm/cmr10.pfb></usr/local/texlive/2012/texmf-dist/f
onts/type1/public/amsfonts/cm/cmr17.pfb></usr/local/texlive/2012/texmf-dist/fon
ts/type1/public/amsfonts/cm/cmr6.pfb></usr/local/texlive/2012/texmf-dist/fonts/
type1/public/amsfonts/cm/cmr8.pfb></usr/local/texlive/2012/texmf-dist/fonts/typ
e1/public/amsfonts/cm/cmsy10.pfb></usr/local/texlive/2012/texmf-dist/fonts/type
1/public/amsfonts/cm/cmsy6.pfb></usr/local/texlive/2012/texmf-dist/fonts/type1/
public/amsfonts/cm/cmsy8.pfb></usr/local/texlive/2012/texmf-dist/fonts/type1/pu
blic/amsfonts/cm/cmti10.pfb></usr/local/texlive/2012/texmf-dist/fonts/type1/pub
lic/amsfonts/symbols/msam10.pfb>
Output written on writeup.pdf (7 pages, 302998 bytes).
PDF statistics:
 188 PDF objects out of 1000 (max. 8388607)
 126 compressed objects within 2 object streams
 0 named destinations out of 1000 (max. 500000)
 11 words of extra memory for PDF output out of 10000 (max. 10000000)

